Watching for file changes with StatReloader
Watching for file changes with StatReloader
"GET / HTTP/1.1" 302 0
"GET /medications/dashboard/ HTTP/1.1" 302 0
"GET /accounts/login/?next=/medications/dashboard/ HTTP/1.1" 200 6480
Not Found: /favicon.ico
"GET /favicon.ico HTTP/1.1" 404 2915
"POST /accounts/login/?next=/medications/dashboard/ HTTP/1.1" 200 6672
"POST /accounts/login/?next=/medications/dashboard/ HTTP/1.1" 200 6672
Watching for file changes with StatReloader
"POST /accounts/login/?next=/medications/dashboard/ HTTP/1.1" 302 0
"GET /medications/admin-dashboard/ HTTP/1.1" 200 14589
"GET /accounts/staff/register/ HTTP/1.1" 200 14748
"POST /accounts/staff/register/ HTTP/1.1" 302 0
"GET /medications/admin-dashboard/ HTTP/1.1" 200 16476
"GET /medications/admin/patient/1/ HTTP/1.1" 200 9392
"GET /reports/generate/1/ HTTP/1.1" 302 0
"GET /reports/ HTTP/1.1" 200 9531
"GET /reports/generate/1/ HTTP/1.1" 302 0
"GET /reports/ HTTP/1.1" 200 10728
"GET /medications/admin/patient/1/ HTTP/1.1" 200 9392
"GET /notifications/send-manual/ HTTP/1.1" 200 8633
"GET /reports/generate/1/ HTTP/1.1" 302 0
"GET /reports/ HTTP/1.1" 200 11925
"GET /reports/generate/1/ HTTP/1.1" 302 0
"GET /reports/ HTTP/1.1" 200 13122
"GET /notifications/send-manual/ HTTP/1.1" 200 8633
Internal Server Error: /notifications/history/
Traceback (most recent call last):
  File "C:\projects\Dawa\project\venv\Lib\site-packages\django\db\backends\utils.py", line 89, in _execute
    return self.cursor.execute(sql, params)
           ~~~~~~~~~~~~~~~~~~~^^^^^^^^^^^^^
  File "C:\projects\Dawa\project\venv\Lib\site-packages\django\db\backends\sqlite3\base.py", line 328, in execute
    return super().execute(query, params)
           ~~~~~~~~~~~~~~~^^^^^^^^^^^^^^^
sqlite3.OperationalError: no such table: notifications_smsnotification

The above exception was the direct cause of the following exception:

Traceback (most recent call last):
  File "C:\projects\Dawa\project\venv\Lib\site-packages\django\core\handlers\exception.py", line 55, in inner
    response = get_response(request)
  File "C:\projects\Dawa\project\venv\Lib\site-packages\django\core\handlers\base.py", line 197, in _get_response
    response = wrapped_callback(request, *callback_args, **callback_kwargs)
  File "C:\projects\Dawa\project\venv\Lib\site-packages\django\views\generic\base.py", line 104, in view
    return self.dispatch(request, *args, **kwargs)
           ~~~~~~~~~~~~~^^^^^^^^^^^^^^^^^^^^^^^^^^
  File "C:\projects\Dawa\project\venv\Lib\site-packages\django\contrib\auth\mixins.py", line 73, in dispatch
    return super().dispatch(request, *args, **kwargs)
           ~~~~~~~~~~~~~~~~^^^^^^^^^^^^^^^^^^^^^^^^^^
  File "C:\projects\Dawa\project\venv\Lib\site-packages\django\contrib\auth\mixins.py", line 135, in dispatch
    return super().dispatch(request, *args, **kwargs)
           ~~~~~~~~~~~~~~~~^^^^^^^^^^^^^^^^^^^^^^^^^^
  File "C:\projects\Dawa\project\venv\Lib\site-packages\django\views\generic\base.py", line 143, in dispatch
    return handler(request, *args, **kwargs)
  File "C:\projects\Dawa\project\venv\Lib\site-packages\django\views\generic\list.py", line 174, in get
    context = self.get_context_data()
  File "C:\projects\Dawa\project\venv\Lib\site-packages\django\views\generic\list.py", line 128, in get_context_data
    paginator, page, queryset, is_paginated = self.paginate_queryset(
                                              ~~~~~~~~~~~~~~~~~~~~~~^
        queryset, page_size
        ^^^^^^^^^^^^^^^^^^^
    )
    ^
  File "C:\projects\Dawa\project\venv\Lib\site-packages\django\views\generic\list.py", line 73, in paginate_queryset
    page = paginator.page(page_number)
  File "C:\projects\Dawa\project\venv\Lib\site-packages\django\core\paginator.py", line 72, in page
    number = self.validate_number(number)
  File "C:\projects\Dawa\project\venv\Lib\site-packages\django\core\paginator.py", line 53, in validate_number
    if number > self.num_pages:
                ^^^^^^^^^^^^^^
  File "C:\projects\Dawa\project\venv\Lib\site-packages\django\utils\functional.py", line 57, in __get__
    res = instance.__dict__[self.name] = self.func(instance)
                                         ~~~~~~~~~^^^^^^^^^^
  File "C:\projects\Dawa\project\venv\Lib\site-packages\django\core\paginator.py", line 99, in num_pages
    if self.count == 0 and not self.allow_empty_first_page:
       ^^^^^^^^^^
  File "C:\projects\Dawa\project\venv\Lib\site-packages\django\utils\functional.py", line 57, in __get__
    res = instance.__dict__[self.name] = self.func(instance)
                                         ~~~~~~~~~^^^^^^^^^^
  File "C:\projects\Dawa\project\venv\Lib\site-packages\django\core\paginator.py", line 93, in count
    return c()
  File "C:\projects\Dawa\project\venv\Lib\site-packages\django\db\models\query.py", line 608, in count
    return self.query.get_count(using=self.db)
           ~~~~~~~~~~~~~~~~~~~~^^^^^^^^^^^^^^^
  File "C:\projects\Dawa\project\venv\Lib\site-packages\django\db\models\sql\query.py", line 568, in get_count
    return obj.get_aggregation(using, {"__count": Count("*")})["__count"]
           ~~~~~~~~~~~~~~~~~~~^^^^^^^^^^^^^^^^^^^^^^^^^^^^^^^^
  File "C:\projects\Dawa\project\venv\Lib\site-packages\django\db\models\sql\query.py", line 554, in get_aggregation
    result = compiler.execute_sql(SINGLE)
  File "C:\projects\Dawa\project\venv\Lib\site-packages\django\db\models\sql\compiler.py", line 1562, in execute_sql
    cursor.execute(sql, params)
    ~~~~~~~~~~~~~~^^^^^^^^^^^^^
  File "C:\projects\Dawa\project\venv\Lib\site-packages\django\db\backends\utils.py", line 102, in execute
    return super().execute(sql, params)
           ~~~~~~~~~~~~~~~^^^^^^^^^^^^^
  File "C:\projects\Dawa\project\venv\Lib\site-packages\django\db\backends\utils.py", line 67, in execute
    return self._execute_with_wrappers(
           ~~~~~~~~~~~~~~~~~~~~~~~~~~~^
        sql, params, many=False, executor=self._execute
        ^^^^^^^^^^^^^^^^^^^^^^^^^^^^^^^^^^^^^^^^^^^^^^^
    )
    ^
  File "C:\projects\Dawa\project\venv\Lib\site-packages\django\db\backends\utils.py", line 80, in _execute_with_wrappers
    return executor(sql, params, many, context)
  File "C:\projects\Dawa\project\venv\Lib\site-packages\django\db\backends\utils.py", line 84, in _execute
    with self.db.wrap_database_errors:
         ^^^^^^^^^^^^^^^^^^^^^^^^^^^^
  File "C:\projects\Dawa\project\venv\Lib\site-packages\django\db\utils.py", line 91, in __exit__
    raise dj_exc_value.with_traceback(traceback) from exc_value
  File "C:\projects\Dawa\project\venv\Lib\site-packages\django\db\backends\utils.py", line 89, in _execute
    return self.cursor.execute(sql, params)
           ~~~~~~~~~~~~~~~~~~~^^^^^^^^^^^^^
  File "C:\projects\Dawa\project\venv\Lib\site-packages\django\db\backends\sqlite3\base.py", line 328, in execute
    return super().execute(query, params)
           ~~~~~~~~~~~~~~~^^^^^^^^^^^^^^^
django.db.utils.OperationalError: no such table: notifications_smsnotification
"GET /notifications/history/ HTTP/1.1" 500 189859
"GET /medications/admin-dashboard/ HTTP/1.1" 200 29458
"GET /medications/admin-dashboard/ HTTP/1.1" 200 23804
"GET /medications/prescription/create/ HTTP/1.1" 200 15488
"GET /accounts/staff/register/ HTTP/1.1" 200 14748
"GET /medications/admin-dashboard/ HTTP/1.1" 200 23804
"GET /medications/prescription/create/ HTTP/1.1" 200 15488
"GET /medications/admin-dashboard/ HTTP/1.1" 200 23804
"GET /medications/prescription/create/ HTTP/1.1" 200 15488
"GET /medications/admin-dashboard/ HTTP/1.1" 200 23804
"GET /accounts/staff/register/ HTTP/1.1" 200 14748
"GET /medications/prescription/create/ HTTP/1.1" 200 15488
"GET /medications/admin-dashboard/ HTTP/1.1" 200 15777
"GET /medications/admin-dashboard/ HTTP/1.1" 200 15777
"GET /medications/prescription/create/ HTTP/1.1" 200 15488
"GET /medications/prescription/create/ HTTP/1.1" 200 15488
"GET /accounts/logout/ HTTP/1.1" 302 0
"GET /accounts/login/ HTTP/1.1" 200 6885
"POST /accounts/login/ HTTP/1.1" 302 0
"GET /medications/admin-dashboard/ HTTP/1.1" 200 13119
"GET /medications/prescription/create/ HTTP/1.1" 200 15846
Internal Server Error: /notifications/history/
Traceback (most recent call last):
  File "C:\projects\Dawa\project\venv\Lib\site-packages\django\db\backends\utils.py", line 89, in _execute
    return self.cursor.execute(sql, params)
           ~~~~~~~~~~~~~~~~~~~^^^^^^^^^^^^^
  File "C:\projects\Dawa\project\venv\Lib\site-packages\django\db\backends\sqlite3\base.py", line 328, in execute
    return super().execute(query, params)
           ~~~~~~~~~~~~~~~^^^^^^^^^^^^^^^
sqlite3.OperationalError: no such table: notifications_smsnotification

The above exception was the direct cause of the following exception:

Traceback (most recent call last):
  File "C:\projects\Dawa\project\venv\Lib\site-packages\django\core\handlers\exception.py", line 55, in inner
    response = get_response(request)
  File "C:\projects\Dawa\project\venv\Lib\site-packages\django\core\handlers\base.py", line 197, in _get_response
    response = wrapped_callback(request, *callback_args, **callback_kwargs)
  File "C:\projects\Dawa\project\venv\Lib\site-packages\django\views\generic\base.py", line 104, in view
    return self.dispatch(request, *args, **kwargs)
           ~~~~~~~~~~~~~^^^^^^^^^^^^^^^^^^^^^^^^^^
  File "C:\projects\Dawa\project\venv\Lib\site-packages\django\contrib\auth\mixins.py", line 73, in dispatch
    return super().dispatch(request, *args, **kwargs)
           ~~~~~~~~~~~~~~~~^^^^^^^^^^^^^^^^^^^^^^^^^^
  File "C:\projects\Dawa\project\venv\Lib\site-packages\django\contrib\auth\mixins.py", line 135, in dispatch
    return super().dispatch(request, *args, **kwargs)
           ~~~~~~~~~~~~~~~~^^^^^^^^^^^^^^^^^^^^^^^^^^
  File "C:\projects\Dawa\project\venv\Lib\site-packages\django\views\generic\base.py", line 143, in dispatch
    return handler(request, *args, **kwargs)
  File "C:\projects\Dawa\project\venv\Lib\site-packages\django\views\generic\list.py", line 174, in get
    context = self.get_context_data()
  File "C:\projects\Dawa\project\venv\Lib\site-packages\django\views\generic\list.py", line 128, in get_context_data
    paginator, page, queryset, is_paginated = self.paginate_queryset(
                                              ~~~~~~~~~~~~~~~~~~~~~~^
        queryset, page_size
        ^^^^^^^^^^^^^^^^^^^
    )
    ^
  File "C:\projects\Dawa\project\venv\Lib\site-packages\django\views\generic\list.py", line 73, in paginate_queryset
    page = paginator.page(page_number)
  File "C:\projects\Dawa\project\venv\Lib\site-packages\django\core\paginator.py", line 72, in page
    number = self.validate_number(number)
  File "C:\projects\Dawa\project\venv\Lib\site-packages\django\core\paginator.py", line 53, in validate_number
    if number > self.num_pages:
                ^^^^^^^^^^^^^^
  File "C:\projects\Dawa\project\venv\Lib\site-packages\django\utils\functional.py", line 57, in __get__
    res = instance.__dict__[self.name] = self.func(instance)
                                         ~~~~~~~~~^^^^^^^^^^
  File "C:\projects\Dawa\project\venv\Lib\site-packages\django\core\paginator.py", line 99, in num_pages
    if self.count == 0 and not self.allow_empty_first_page:
       ^^^^^^^^^^
  File "C:\projects\Dawa\project\venv\Lib\site-packages\django\utils\functional.py", line 57, in __get__
    res = instance.__dict__[self.name] = self.func(instance)
                                         ~~~~~~~~~^^^^^^^^^^
  File "C:\projects\Dawa\project\venv\Lib\site-packages\django\core\paginator.py", line 93, in count
    return c()
  File "C:\projects\Dawa\project\venv\Lib\site-packages\django\db\models\query.py", line 608, in count
    return self.query.get_count(using=self.db)
           ~~~~~~~~~~~~~~~~~~~~^^^^^^^^^^^^^^^
  File "C:\projects\Dawa\project\venv\Lib\site-packages\django\db\models\sql\query.py", line 568, in get_count
    return obj.get_aggregation(using, {"__count": Count("*")})["__count"]
           ~~~~~~~~~~~~~~~~~~~^^^^^^^^^^^^^^^^^^^^^^^^^^^^^^^^
  File "C:\projects\Dawa\project\venv\Lib\site-packages\django\db\models\sql\query.py", line 554, in get_aggregation
    result = compiler.execute_sql(SINGLE)
  File "C:\projects\Dawa\project\venv\Lib\site-packages\django\db\models\sql\compiler.py", line 1562, in execute_sql
    cursor.execute(sql, params)
    ~~~~~~~~~~~~~~^^^^^^^^^^^^^
  File "C:\projects\Dawa\project\venv\Lib\site-packages\django\db\backends\utils.py", line 102, in execute
    return super().execute(sql, params)
           ~~~~~~~~~~~~~~~^^^^^^^^^^^^^
  File "C:\projects\Dawa\project\venv\Lib\site-packages\django\db\backends\utils.py", line 67, in execute
    return self._execute_with_wrappers(
           ~~~~~~~~~~~~~~~~~~~~~~~~~~~^
        sql, params, many=False, executor=self._execute
        ^^^^^^^^^^^^^^^^^^^^^^^^^^^^^^^^^^^^^^^^^^^^^^^
    )
    ^
  File "C:\projects\Dawa\project\venv\Lib\site-packages\django\db\backends\utils.py", line 80, in _execute_with_wrappers
    return executor(sql, params, many, context)
  File "C:\projects\Dawa\project\venv\Lib\site-packages\django\db\backends\utils.py", line 84, in _execute
    with self.db.wrap_database_errors:
         ^^^^^^^^^^^^^^^^^^^^^^^^^^^^
  File "C:\projects\Dawa\project\venv\Lib\site-packages\django\db\utils.py", line 91, in __exit__
    raise dj_exc_value.with_traceback(traceback) from exc_value
  File "C:\projects\Dawa\project\venv\Lib\site-packages\django\db\backends\utils.py", line 89, in _execute
    return self.cursor.execute(sql, params)
           ~~~~~~~~~~~~~~~~~~~^^^^^^^^^^^^^
  File "C:\projects\Dawa\project\venv\Lib\site-packages\django\db\backends\sqlite3\base.py", line 328, in execute
    return super().execute(query, params)
           ~~~~~~~~~~~~~~~^^^^^^^^^^^^^^^
django.db.utils.OperationalError: no such table: notifications_smsnotification
"GET /notifications/history/ HTTP/1.1" 500 189866
"GET /reports/ HTTP/1.1" 200 13429
"GET /medications/prescription/create/ HTTP/1.1" 200 15846
"GET / HTTP/1.1" 302 0
"GET /medications/dashboard/ HTTP/1.1" 302 0
"GET /accounts/login/?next=/medications/dashboard/ HTTP/1.1" 200 6480
Not Found: /favicon.ico
"GET /favicon.ico HTTP/1.1" 404 2915
"POST /accounts/login/?next=/medications/dashboard/ HTTP/1.1" 302 0
"GET /medications/admin-dashboard/ HTTP/1.1" 200 15777
"GET /admin/ HTTP/1.1" 200 10372
"GET /static/admin/css/responsive.css HTTP/1.1" 200 18533
"GET /static/admin/js/nav_sidebar.js HTTP/1.1" 200 3063
"GET /static/admin/css/nav_sidebar.css HTTP/1.1" 200 2694
"GET /static/admin/css/dashboard.css HTTP/1.1" 200 441
"GET /static/admin/css/dark_mode.css HTTP/1.1" 200 2929
"GET /static/admin/css/base.css HTTP/1.1" 200 21207
"GET /static/admin/img/icon-addlink.svg HTTP/1.1" 200 331
"GET /static/admin/img/icon-changelink.svg HTTP/1.1" 200 380
"GET /static/admin/js/theme.js HTTP/1.1" 200 1943
"GET /admin/medications/medication/ HTTP/1.1" 200 12567
"GET /static/admin/css/changelists.css HTTP/1.1" 200 6566
"GET /admin/jsi18n/ HTTP/1.1" 200 3343
"GET /static/admin/js/core.js HTTP/1.1" 200 5682
"GET /static/admin/js/jquery.init.js HTTP/1.1" 200 347
"GET /static/admin/js/admin/RelatedObjectLookups.js HTTP/1.1" 200 8943
"GET /static/admin/js/urlify.js HTTP/1.1" 200 7887
"GET /static/admin/js/actions.js HTTP/1.1" 200 7872
"GET /static/admin/js/vendor/jquery/jquery.js HTTP/1.1" 200 292458
"GET /static/admin/img/search.svg HTTP/1.1" 200 458
"GET /static/admin/js/prepopulate.js HTTP/1.1" 200 1531
"GET /static/admin/js/filters.js HTTP/1.1" 200 978
"GET /static/admin/js/vendor/xregexp/xregexp.js HTTP/1.1" 200 232381
"GET /static/admin/img/tooltag-add.svg HTTP/1.1" 200 331
"GET /admin/medications/medication/add/ HTTP/1.1" 200 15470
"GET /static/admin/css/forms.css HTTP/1.1" 200 9047
"GET /static/admin/css/widgets.css HTTP/1.1" 200 11900
"GET /admin/jsi18n/ HTTP/1.1" 200 3343
"GET /static/admin/js/prepopulate_init.js HTTP/1.1" 200 586
"GET /static/admin/js/change_form.js HTTP/1.1" 200 606
"POST /admin/medications/medication/add/ HTTP/1.1" 302 0
"GET /admin/medications/medication/ HTTP/1.1" 200 14807
"GET /admin/jsi18n/ HTTP/1.1" 200 3343
"GET /static/admin/img/sorting-icons.svg HTTP/1.1" 200 1097
"GET /static/admin/img/icon-yes.svg HTTP/1.1" 200 436
"GET /admin/medications/medication/add/ HTTP/1.1" 200 15470
"GET /admin/jsi18n/ HTTP/1.1" 200 3343
"POST /admin/medications/medication/add/ HTTP/1.1" 302 0
"GET /admin/medications/medication/ HTTP/1.1" 200 15177
"GET /admin/jsi18n/ HTTP/1.1" 200 3343
"GET / HTTP/1.1" 302 0
"GET /medications/dashboard/ HTTP/1.1" 200 11593
"GET /medications/dashboard/ HTTP/1.1" 200 11593
"GET /medications/history/ HTTP/1.1" 200 7463
"GET /medications/dashboard/ HTTP/1.1" 200 11593
"GET /medications/history/ HTTP/1.1" 200 7463
"GET /reports/ HTTP/1.1" 200 12722
"GET /accounts/logout/ HTTP/1.1" 302 0
"GET /accounts/login/ HTTP/1.1" 200 6885
"POST /accounts/login/ HTTP/1.1" 302 0
"GET /medications/admin-dashboard/ HTTP/1.1" 200 13119
"GET /medications/prescription/create/ HTTP/1.1" 200 15940
"GET /accounts/logout/ HTTP/1.1" 302 0
"GET /accounts/login/ HTTP/1.1" 200 6885
"POST /accounts/login/ HTTP/1.1" 302 0
"GET /medications/admin-dashboard/ HTTP/1.1" 200 13119
"GET /reports/generate/1/ HTTP/1.1" 302 0
"GET /reports/ HTTP/1.1" 200 15109
"GET /accounts/logout/ HTTP/1.1" 302 0
"GET /accounts/login/ HTTP/1.1" 200 6885
"POST /accounts/login/ HTTP/1.1" 302 0
"GET /medications/admin-dashboard/ HTTP/1.1" 200 15777
"GET /admin/ HTTP/1.1" 200 11019
"GET /admin/accounts/patientprofile/ HTTP/1.1" 200 13323
"GET /admin/jsi18n/ HTTP/1.1" 200 3343
"GET /admin/accounts/patientprofile/add/ HTTP/1.1" 200 16714
"GET /admin/jsi18n/ HTTP/1.1" 200 3343
"GET /static/admin/js/calendar.js HTTP/1.1" 200 8466
"GET /static/admin/js/admin/DateTimeShortcuts.js HTTP/1.1" 200 19319
"GET /static/admin/img/icon-clock.svg HTTP/1.1" 200 677
"GET /static/admin/img/icon-calendar.svg HTTP/1.1" 200 1086
"GET /admin/accounts/user/?_to_field=id&_popup=1 HTTP/1.1" 200 8246
"GET /static/admin/img/icon-no.svg HTTP/1.1" 200 560
"GET /admin/accounts/user/ HTTP/1.1" 200 15158
"GET /admin/jsi18n/ HTTP/1.1" 200 3343
"GET /admin/accounts/patientprofile/ HTTP/1.1" 200 13323
"GET /admin/jsi18n/ HTTP/1.1" 200 3343
"GET /admin/accounts/patientprofile/add/ HTTP/1.1" 200 16714
"GET /admin/jsi18n/ HTTP/1.1" 200 3343
"GET /admin/accounts/user/ HTTP/1.1" 200 15158
"GET /admin/jsi18n/ HTTP/1.1" 200 3343
"GET /admin/accounts/patientprofile/ HTTP/1.1" 200 13323
"GET /admin/jsi18n/ HTTP/1.1" 200 3343
"GET /admin/accounts/patientprofile/add/ HTTP/1.1" 200 16714
"GET /admin/jsi18n/ HTTP/1.1" 200 3343
"GET /admin/accounts/user/?_to_field=id&_popup=1 HTTP/1.1" 200 8246
"POST /admin/accounts/patientprofile/add/ HTTP/1.1" 302 0
"GET /admin/accounts/patientprofile/ HTTP/1.1" 200 15391
"GET /admin/jsi18n/ HTTP/1.1" 200 3343
"GET / HTTP/1.1" 302 0
"GET /medications/dashboard/ HTTP/1.1" 200 11593
"GET /accounts/logout/ HTTP/1.1" 302 0
"GET /accounts/login/ HTTP/1.1" 200 6885
"POST /accounts/login/ HTTP/1.1" 302 0
"GET /medications/admin-dashboard/ HTTP/1.1" 200 13119
"GET /medications/prescription/create/ HTTP/1.1" 200 15940
Prescription created for  (patient) by Asha Juma (admin)
"POST /medications/prescription/create/ HTTP/1.1" 302 0
"GET /medications/admin/patient/1/ HTTP/1.1" 200 11123
"GET /accounts/logout/ HTTP/1.1" 302 0
"GET /accounts/login/ HTTP/1.1" 200 6885
"POST /accounts/login/ HTTP/1.1" 302 0
"GET /medications/admin-dashboard/ HTTP/1.1" 200 16903
"GET /medications/dashboard/ HTTP/1.1" 200 11593
"GET /medications/history/ HTTP/1.1" 200 7463
"GET /reports/ HTTP/1.1" 200 13919
"GET /medications/history/ HTTP/1.1" 200 7463
"GET /accounts/logout/ HTTP/1.1" 302 0
"GET /accounts/login/ HTTP/1.1" 200 6885
"POST /accounts/login/ HTTP/1.1" 302 0
"GET /medications/admin-dashboard/ HTTP/1.1" 200 14245
"GET /notifications/send-manual/ HTTP/1.1" 200 8991
"POST /notifications/send-manual/ HTTP/1.1" 302 0
"GET /medications/admin-dashboard/ HTTP/1.1" 200 14653
